14:27:44:812  INFO 61204 --- [main] com.hmall.cart.CartApplication           : Starting CartApplication using Java 11.0.2 on LAPTOP-FPFPK7D7 with PID 61204 (D:\CodeSpace\hmall-micro\cart-service\target\classes started by lenovo in D:\CodeSpace\hmall-micro)
14:27:44:814 DEBUG 61204 --- [main] com.hmall.cart.CartApplication           : Running with Spring Boot v2.7.12, Spring v5.3.27
14:27:44:815  INFO 61204 --- [main] com.hmall.cart.CartApplication           : The following 1 profile is active: "dev"
14:27:45:350  INFO 61204 --- [main] .s.d.r.c.RepositoryConfigurationDelegate : Multiple Spring Data modules found, entering strict repository configuration mode
14:27:45:352  INFO 61204 --- [main] .s.d.r.c.RepositoryConfigurationDelegate : Bootstrapping Spring Data Redis repositories in DEFAULT mode.
14:27:45:369  INFO 61204 --- [main] .s.d.r.c.RepositoryConfigurationDelegate : Finished Spring Data repository scanning in 6 ms. Found 0 Redis repository interfaces.
14:27:45:701  INFO 61204 --- [main] o.s.b.w.embedded.tomcat.TomcatWebServer  : Tomcat initialized with port(s): 8082 (http)
14:27:45:707  INFO 61204 --- [main] o.apache.catalina.core.StandardService   : Starting service [Tomcat]
14:27:45:707  INFO 61204 --- [main] org.apache.catalina.core.StandardEngine  : Starting Servlet engine: [Apache Tomcat/9.0.75]
14:27:45:819  INFO 61204 --- [main] o.a.c.c.C.[Tomcat].[localhost].[/]       : Initializing Spring embedded WebApplicationContext
14:27:45:820  INFO 61204 --- [main] w.s.c.ServletWebServerApplicationContext : Root WebApplicationContext: initialization completed in 973 ms
14:27:47:375  INFO 61204 --- [main] pertySourcedRequestMappingHandlerMapping : Mapped URL path [/v2/api-docs] onto method [springfox.documentation.swagger2.web.Swagger2ControllerWebMvc#getDocumentation(String, HttpServletRequest)]
14:27:47:638  INFO 61204 --- [main] o.s.b.w.embedded.tomcat.TomcatWebServer  : Tomcat started on port(s): 8082 (http) with context path ''
14:27:47:639  INFO 61204 --- [main] d.s.w.p.DocumentationPluginsBootstrapper : Documentation plugins bootstrapped
14:27:47:641  INFO 61204 --- [main] d.s.w.p.DocumentationPluginsBootstrapper : Found 1 custom documentation plugin(s)
14:27:47:657  INFO 61204 --- [main] s.d.s.w.s.ApiListingReferenceScanner     : Scanning for api listing references
14:27:47:668  INFO 61204 --- [main] com.hmall.cart.CartApplication           : Started CartApplication in 3.142 seconds (JVM running for 4.172)
14:28:01:978  INFO 29496 --- [main] com.hmall.cart.CartApplication           : Starting CartApplication using Java 11.0.2 on LAPTOP-FPFPK7D7 with PID 29496 (D:\CodeSpace\hmall-micro\cart-service\target\classes started by lenovo in D:\CodeSpace\hmall-micro)
14:28:01:979 DEBUG 29496 --- [main] com.hmall.cart.CartApplication           : Running with Spring Boot v2.7.12, Spring v5.3.27
14:28:01:979  INFO 29496 --- [main] com.hmall.cart.CartApplication           : The following 1 profile is active: "dev"
14:28:02:566  INFO 29496 --- [main] .s.d.r.c.RepositoryConfigurationDelegate : Multiple Spring Data modules found, entering strict repository configuration mode
14:28:02:568  INFO 29496 --- [main] .s.d.r.c.RepositoryConfigurationDelegate : Bootstrapping Spring Data Redis repositories in DEFAULT mode.
14:28:02:588  INFO 29496 --- [main] .s.d.r.c.RepositoryConfigurationDelegate : Finished Spring Data repository scanning in 8 ms. Found 0 Redis repository interfaces.
14:28:02:978  INFO 29496 --- [main] o.s.b.w.embedded.tomcat.TomcatWebServer  : Tomcat initialized with port(s): 8082 (http)
14:28:02:984  INFO 29496 --- [main] o.apache.catalina.core.StandardService   : Starting service [Tomcat]
14:28:02:984  INFO 29496 --- [main] org.apache.catalina.core.StandardEngine  : Starting Servlet engine: [Apache Tomcat/9.0.75]
14:28:03:096  INFO 29496 --- [main] o.a.c.c.C.[Tomcat].[localhost].[/]       : Initializing Spring embedded WebApplicationContext
14:28:03:097  INFO 29496 --- [main] w.s.c.ServletWebServerApplicationContext : Root WebApplicationContext: initialization completed in 1084 ms
14:28:04:780  INFO 29496 --- [main] pertySourcedRequestMappingHandlerMapping : Mapped URL path [/v2/api-docs] onto method [springfox.documentation.swagger2.web.Swagger2ControllerWebMvc#getDocumentation(String, HttpServletRequest)]
14:28:05:049  INFO 29496 --- [main] o.s.b.w.embedded.tomcat.TomcatWebServer  : Tomcat started on port(s): 8082 (http) with context path ''
14:28:05:050  INFO 29496 --- [main] d.s.w.p.DocumentationPluginsBootstrapper : Documentation plugins bootstrapped
14:28:05:052  INFO 29496 --- [main] d.s.w.p.DocumentationPluginsBootstrapper : Found 1 custom documentation plugin(s)
14:28:05:071  INFO 29496 --- [main] s.d.s.w.s.ApiListingReferenceScanner     : Scanning for api listing references
14:28:05:082  INFO 29496 --- [main] com.hmall.cart.CartApplication           : Started CartApplication in 3.422 seconds (JVM running for 4.605)
14:31:19:306  INFO 29496 --- [http-nio-8082-exec-1] o.a.c.c.C.[Tomcat].[localhost].[/]       : Initializing Spring DispatcherServlet 'dispatcherServlet'
14:31:19:307  INFO 29496 --- [http-nio-8082-exec-1] o.s.web.servlet.DispatcherServlet        : Initializing Servlet 'dispatcherServlet'
14:31:19:308  INFO 29496 --- [http-nio-8082-exec-1] o.s.web.servlet.DispatcherServlet        : Completed initialization in 1 ms
14:31:46:557  INFO 44740 --- [main] com.hmall.cart.CartApplication           : Starting CartApplication using Java 11.0.2 on LAPTOP-FPFPK7D7 with PID 44740 (D:\CodeSpace\hmall-micro\cart-service\target\classes started by lenovo in D:\CodeSpace\hmall-micro)
14:31:46:558 DEBUG 44740 --- [main] com.hmall.cart.CartApplication           : Running with Spring Boot v2.7.12, Spring v5.3.27
14:31:46:558  INFO 44740 --- [main] com.hmall.cart.CartApplication           : The following 1 profile is active: "dev"
14:31:47:192  INFO 44740 --- [main] .s.d.r.c.RepositoryConfigurationDelegate : Multiple Spring Data modules found, entering strict repository configuration mode
14:31:47:194  INFO 44740 --- [main] .s.d.r.c.RepositoryConfigurationDelegate : Bootstrapping Spring Data Redis repositories in DEFAULT mode.
14:31:47:212  INFO 44740 --- [main] .s.d.r.c.RepositoryConfigurationDelegate : Finished Spring Data repository scanning in 6 ms. Found 0 Redis repository interfaces.
14:31:47:659  INFO 44740 --- [main] o.s.b.w.embedded.tomcat.TomcatWebServer  : Tomcat initialized with port(s): 8082 (http)
14:31:47:666  INFO 44740 --- [main] o.apache.catalina.core.StandardService   : Starting service [Tomcat]
14:31:47:667  INFO 44740 --- [main] org.apache.catalina.core.StandardEngine  : Starting Servlet engine: [Apache Tomcat/9.0.75]
14:31:47:791  INFO 44740 --- [main] o.a.c.c.C.[Tomcat].[localhost].[/]       : Initializing Spring embedded WebApplicationContext
14:31:47:792  INFO 44740 --- [main] w.s.c.ServletWebServerApplicationContext : Root WebApplicationContext: initialization completed in 1197 ms
14:31:49:647  INFO 44740 --- [main] pertySourcedRequestMappingHandlerMapping : Mapped URL path [/v2/api-docs] onto method [springfox.documentation.swagger2.web.Swagger2ControllerWebMvc#getDocumentation(String, HttpServletRequest)]
14:31:49:965  INFO 44740 --- [main] o.s.b.w.embedded.tomcat.TomcatWebServer  : Tomcat started on port(s): 8082 (http) with context path ''
14:31:49:967  INFO 44740 --- [main] d.s.w.p.DocumentationPluginsBootstrapper : Documentation plugins bootstrapped
14:31:49:969  INFO 44740 --- [main] d.s.w.p.DocumentationPluginsBootstrapper : Found 1 custom documentation plugin(s)
14:31:49:995  INFO 44740 --- [main] s.d.s.w.s.ApiListingReferenceScanner     : Scanning for api listing references
14:31:50:092  INFO 44740 --- [main] com.hmall.cart.CartApplication           : Started CartApplication in 3.916 seconds (JVM running for 5.164)
14:32:55:225  INFO 44740 --- [http-nio-8082-exec-1] o.a.c.c.C.[Tomcat].[localhost].[/]       : Initializing Spring DispatcherServlet 'dispatcherServlet'
14:32:55:227  INFO 44740 --- [http-nio-8082-exec-1] o.s.web.servlet.DispatcherServlet        : Initializing Servlet 'dispatcherServlet'
14:32:55:228  INFO 44740 --- [http-nio-8082-exec-1] o.s.web.servlet.DispatcherServlet        : Completed initialization in 1 ms
14:33:03:265  INFO 44740 --- [http-nio-8082-exec-4] com.zaxxer.hikari.HikariDataSource       : HikariPool-1 - Starting...
14:33:03:628  INFO 44740 --- [http-nio-8082-exec-4] com.zaxxer.hikari.HikariDataSource       : HikariPool-1 - Start completed.
14:33:03:633 DEBUG 44740 --- [http-nio-8082-exec-4] c.h.cart.mapper.CartMapper.selectList    : ==>  Preparing: SELECT id,user_id,item_id,num,name,spec,price,image,create_time,update_time FROM cart WHERE (user_id = ?)
14:33:03:650 DEBUG 44740 --- [http-nio-8082-exec-4] c.h.cart.mapper.CartMapper.selectList    : ==> Parameters: null
14:33:03:703 DEBUG 44740 --- [http-nio-8082-exec-4] c.h.cart.mapper.CartMapper.selectList    : <==      Total: 0
14:40:27:990  INFO 44740 --- [SpringApplicationShutdownHook] com.zaxxer.hikari.HikariDataSource       : HikariPool-1 - Shutdown initiated...
14:40:27:997  INFO 44740 --- [SpringApplicationShutdownHook] com.zaxxer.hikari.HikariDataSource       : HikariPool-1 - Shutdown completed.
14:40:32:638  INFO 19640 --- [main] com.hmall.cart.CartApplication           : Starting CartApplication using Java 11.0.2 on LAPTOP-FPFPK7D7 with PID 19640 (D:\CodeSpace\hmall-micro\cart-service\target\classes started by lenovo in D:\CodeSpace\hmall-micro)
14:40:32:640 DEBUG 19640 --- [main] com.hmall.cart.CartApplication           : Running with Spring Boot v2.7.12, Spring v5.3.27
14:40:32:640  INFO 19640 --- [main] com.hmall.cart.CartApplication           : The following 1 profile is active: "dev"
14:40:33:253  INFO 19640 --- [main] .s.d.r.c.RepositoryConfigurationDelegate : Multiple Spring Data modules found, entering strict repository configuration mode
14:40:33:255  INFO 19640 --- [main] .s.d.r.c.RepositoryConfigurationDelegate : Bootstrapping Spring Data Redis repositories in DEFAULT mode.
14:40:33:271  INFO 19640 --- [main] .s.d.r.c.RepositoryConfigurationDelegate : Finished Spring Data repository scanning in 7 ms. Found 0 Redis repository interfaces.
14:40:33:687  INFO 19640 --- [main] o.s.b.w.embedded.tomcat.TomcatWebServer  : Tomcat initialized with port(s): 8082 (http)
14:40:33:694  INFO 19640 --- [main] o.apache.catalina.core.StandardService   : Starting service [Tomcat]
14:40:33:695  INFO 19640 --- [main] org.apache.catalina.core.StandardEngine  : Starting Servlet engine: [Apache Tomcat/9.0.75]
14:40:33:809  INFO 19640 --- [main] o.a.c.c.C.[Tomcat].[localhost].[/]       : Initializing Spring embedded WebApplicationContext
14:40:33:809  INFO 19640 --- [main] w.s.c.ServletWebServerApplicationContext : Root WebApplicationContext: initialization completed in 1125 ms
14:40:35:424  INFO 19640 --- [main] pertySourcedRequestMappingHandlerMapping : Mapped URL path [/v2/api-docs] onto method [springfox.documentation.swagger2.web.Swagger2ControllerWebMvc#getDocumentation(String, HttpServletRequest)]
14:40:35:693  INFO 19640 --- [main] o.s.b.w.embedded.tomcat.TomcatWebServer  : Tomcat started on port(s): 8082 (http) with context path ''
14:40:35:694  INFO 19640 --- [main] d.s.w.p.DocumentationPluginsBootstrapper : Documentation plugins bootstrapped
14:40:35:697  INFO 19640 --- [main] d.s.w.p.DocumentationPluginsBootstrapper : Found 1 custom documentation plugin(s)
14:40:35:717  INFO 19640 --- [main] s.d.s.w.s.ApiListingReferenceScanner     : Scanning for api listing references
14:40:35:796  INFO 19640 --- [main] com.hmall.cart.CartApplication           : Started CartApplication in 3.539 seconds (JVM running for 4.897)
14:42:27:922  INFO 19640 --- [http-nio-8082-exec-2] o.a.c.c.C.[Tomcat].[localhost].[/]       : Initializing Spring DispatcherServlet 'dispatcherServlet'
14:42:27:923  INFO 19640 --- [http-nio-8082-exec-2] o.s.web.servlet.DispatcherServlet        : Initializing Servlet 'dispatcherServlet'
14:42:27:925  INFO 19640 --- [http-nio-8082-exec-2] o.s.web.servlet.DispatcherServlet        : Completed initialization in 2 ms
14:42:28:007  INFO 19640 --- [http-nio-8082-exec-2] com.zaxxer.hikari.HikariDataSource       : HikariPool-1 - Starting...
14:42:28:247  INFO 19640 --- [http-nio-8082-exec-2] com.zaxxer.hikari.HikariDataSource       : HikariPool-1 - Start completed.
14:42:28:252 DEBUG 19640 --- [http-nio-8082-exec-2] c.h.cart.mapper.CartMapper.selectList    : ==>  Preparing: SELECT id,user_id,item_id,num,name,spec,price,image,create_time,update_time FROM cart WHERE (user_id = ?)
14:42:28:266 DEBUG 19640 --- [http-nio-8082-exec-2] c.h.cart.mapper.CartMapper.selectList    : ==> Parameters: null
14:42:28:284 DEBUG 19640 --- [http-nio-8082-exec-2] c.h.cart.mapper.CartMapper.selectList    : <==      Total: 0
15:17:30:392  INFO 19640 --- [SpringApplicationShutdownHook] com.zaxxer.hikari.HikariDataSource       : HikariPool-1 - Shutdown initiated...
15:17:30:413  INFO 19640 --- [SpringApplicationShutdownHook] com.zaxxer.hikari.HikariDataSource       : HikariPool-1 - Shutdown completed.
15:17:33:326  INFO 17464 --- [main] com.hmall.cart.CartApplication           : Starting CartApplication using Java 11.0.2 on LAPTOP-FPFPK7D7 with PID 17464 (D:\CodeSpace\hmall-micro\cart-service\target\classes started by lenovo in D:\CodeSpace\hmall-micro)
15:17:33:327 DEBUG 17464 --- [main] com.hmall.cart.CartApplication           : Running with Spring Boot v2.7.12, Spring v5.3.27
15:17:33:328  INFO 17464 --- [main] com.hmall.cart.CartApplication           : The following 1 profile is active: "dev"
15:17:33:935  INFO 17464 --- [main] .s.d.r.c.RepositoryConfigurationDelegate : Multiple Spring Data modules found, entering strict repository configuration mode
15:17:33:936  INFO 17464 --- [main] .s.d.r.c.RepositoryConfigurationDelegate : Bootstrapping Spring Data Redis repositories in DEFAULT mode.
15:17:33:954  INFO 17464 --- [main] .s.d.r.c.RepositoryConfigurationDelegate : Finished Spring Data repository scanning in 7 ms. Found 0 Redis repository interfaces.
15:17:34:362  INFO 17464 --- [main] o.s.b.w.embedded.tomcat.TomcatWebServer  : Tomcat initialized with port(s): 8082 (http)
15:17:34:368  INFO 17464 --- [main] o.apache.catalina.core.StandardService   : Starting service [Tomcat]
15:17:34:369  INFO 17464 --- [main] org.apache.catalina.core.StandardEngine  : Starting Servlet engine: [Apache Tomcat/9.0.75]
15:17:34:485  INFO 17464 --- [main] o.a.c.c.C.[Tomcat].[localhost].[/]       : Initializing Spring embedded WebApplicationContext
15:17:34:485  INFO 17464 --- [main] w.s.c.ServletWebServerApplicationContext : Root WebApplicationContext: initialization completed in 1118 ms
15:17:36:212  INFO 17464 --- [main] pertySourcedRequestMappingHandlerMapping : Mapped URL path [/v2/api-docs] onto method [springfox.documentation.swagger2.web.Swagger2ControllerWebMvc#getDocumentation(String, HttpServletRequest)]
15:17:36:499  INFO 17464 --- [main] o.s.b.w.embedded.tomcat.TomcatWebServer  : Tomcat started on port(s): 8082 (http) with context path ''
15:17:36:500  INFO 17464 --- [main] d.s.w.p.DocumentationPluginsBootstrapper : Documentation plugins bootstrapped
15:17:36:503  INFO 17464 --- [main] d.s.w.p.DocumentationPluginsBootstrapper : Found 1 custom documentation plugin(s)
15:17:36:524  INFO 17464 --- [main] s.d.s.w.s.ApiListingReferenceScanner     : Scanning for api listing references
15:17:36:621  INFO 17464 --- [main] com.hmall.cart.CartApplication           : Started CartApplication in 3.661 seconds (JVM running for 4.927)
15:19:58:513  INFO 17464 --- [http-nio-8082-exec-1] o.a.c.c.C.[Tomcat].[localhost].[/]       : Initializing Spring DispatcherServlet 'dispatcherServlet'
15:19:58:515  INFO 17464 --- [http-nio-8082-exec-1] o.s.web.servlet.DispatcherServlet        : Initializing Servlet 'dispatcherServlet'
15:19:58:516  INFO 17464 --- [http-nio-8082-exec-1] o.s.web.servlet.DispatcherServlet        : Completed initialization in 1 ms
15:20:29:638  INFO 17464 --- [http-nio-8082-exec-4] com.zaxxer.hikari.HikariDataSource       : HikariPool-1 - Starting...
15:20:29:847  INFO 17464 --- [http-nio-8082-exec-4] com.zaxxer.hikari.HikariDataSource       : HikariPool-1 - Start completed.
15:20:29:852 DEBUG 17464 --- [http-nio-8082-exec-4] c.h.cart.mapper.CartMapper.selectList    : ==>  Preparing: SELECT id,user_id,item_id,num,name,spec,price,image,create_time,update_time FROM cart WHERE (user_id = ?)
15:20:29:870 DEBUG 17464 --- [http-nio-8082-exec-4] c.h.cart.mapper.CartMapper.selectList    : ==> Parameters: null
15:20:29:887 DEBUG 17464 --- [http-nio-8082-exec-4] c.h.cart.mapper.CartMapper.selectList    : <==      Total: 0
15:26:01:216  INFO 17464 --- [SpringApplicationShutdownHook] com.zaxxer.hikari.HikariDataSource       : HikariPool-1 - Shutdown initiated...
15:26:01:237  INFO 17464 --- [SpringApplicationShutdownHook] com.zaxxer.hikari.HikariDataSource       : HikariPool-1 - Shutdown completed.
15:27:37:455  INFO 44744 --- [main] com.hmall.cart.CartApplication           : Starting CartApplication using Java 11.0.2 on LAPTOP-FPFPK7D7 with PID 44744 (D:\CodeSpace\hmall-micro\cart-service\target\classes started by lenovo in D:\CodeSpace\hmall-micro)
15:27:37:457 DEBUG 44744 --- [main] com.hmall.cart.CartApplication           : Running with Spring Boot v2.7.12, Spring v5.3.27
15:27:37:457  INFO 44744 --- [main] com.hmall.cart.CartApplication           : The following 1 profile is active: "dev"
15:27:38:229  INFO 44744 --- [main] .s.d.r.c.RepositoryConfigurationDelegate : Multiple Spring Data modules found, entering strict repository configuration mode
15:27:38:231  INFO 44744 --- [main] .s.d.r.c.RepositoryConfigurationDelegate : Bootstrapping Spring Data Redis repositories in DEFAULT mode.
15:27:38:252  INFO 44744 --- [main] .s.d.r.c.RepositoryConfigurationDelegate : Finished Spring Data repository scanning in 8 ms. Found 0 Redis repository interfaces.
15:27:38:763  INFO 44744 --- [main] o.s.b.w.embedded.tomcat.TomcatWebServer  : Tomcat initialized with port(s): 8082 (http)
15:27:38:772  INFO 44744 --- [main] o.apache.catalina.core.StandardService   : Starting service [Tomcat]
15:27:38:772  INFO 44744 --- [main] org.apache.catalina.core.StandardEngine  : Starting Servlet engine: [Apache Tomcat/9.0.75]
15:27:38:916  INFO 44744 --- [main] o.a.c.c.C.[Tomcat].[localhost].[/]       : Initializing Spring embedded WebApplicationContext
15:27:38:916  INFO 44744 --- [main] w.s.c.ServletWebServerApplicationContext : Root WebApplicationContext: initialization completed in 1408 ms
15:27:40:796  INFO 44744 --- [main] pertySourcedRequestMappingHandlerMapping : Mapped URL path [/v2/api-docs] onto method [springfox.documentation.swagger2.web.Swagger2ControllerWebMvc#getDocumentation(String, HttpServletRequest)]
15:27:41:130  INFO 44744 --- [main] o.s.b.w.embedded.tomcat.TomcatWebServer  : Tomcat started on port(s): 8082 (http) with context path ''
15:27:41:131  INFO 44744 --- [main] d.s.w.p.DocumentationPluginsBootstrapper : Documentation plugins bootstrapped
15:27:41:133  INFO 44744 --- [main] d.s.w.p.DocumentationPluginsBootstrapper : Found 1 custom documentation plugin(s)
15:27:41:158  INFO 44744 --- [main] s.d.s.w.s.ApiListingReferenceScanner     : Scanning for api listing references
15:27:41:268  INFO 44744 --- [main] com.hmall.cart.CartApplication           : Started CartApplication in 4.317 seconds (JVM running for 6.043)
15:30:37:838  INFO 44744 --- [http-nio-8082-exec-1] o.a.c.c.C.[Tomcat].[localhost].[/]       : Initializing Spring DispatcherServlet 'dispatcherServlet'
15:30:37:839  INFO 44744 --- [http-nio-8082-exec-1] o.s.web.servlet.DispatcherServlet        : Initializing Servlet 'dispatcherServlet'
15:30:37:841  INFO 44744 --- [http-nio-8082-exec-1] o.s.web.servlet.DispatcherServlet        : Completed initialization in 2 ms
15:30:37:940  INFO 44744 --- [http-nio-8082-exec-1] com.zaxxer.hikari.HikariDataSource       : HikariPool-1 - Starting...
15:30:38:277  INFO 44744 --- [http-nio-8082-exec-1] com.zaxxer.hikari.HikariDataSource       : HikariPool-1 - Start completed.
15:30:38:283 DEBUG 44744 --- [http-nio-8082-exec-1] c.h.cart.mapper.CartMapper.selectList    : ==>  Preparing: SELECT id,user_id,item_id,num,name,spec,price,image,create_time,update_time FROM cart WHERE (user_id = ?)
15:30:38:299 DEBUG 44744 --- [http-nio-8082-exec-1] c.h.cart.mapper.CartMapper.selectList    : ==> Parameters: null
15:30:38:318 DEBUG 44744 --- [http-nio-8082-exec-1] c.h.cart.mapper.CartMapper.selectList    : <==      Total: 0
15:33:39:502  INFO 44744 --- [SpringApplicationShutdownHook] com.zaxxer.hikari.HikariDataSource       : HikariPool-1 - Shutdown initiated...
15:33:39:517  INFO 44744 --- [SpringApplicationShutdownHook] com.zaxxer.hikari.HikariDataSource       : HikariPool-1 - Shutdown completed.
15:33:45:795  INFO 2396 --- [main] com.hmall.cart.CartApplication           : Starting CartApplication using Java 11.0.2 on LAPTOP-FPFPK7D7 with PID 2396 (D:\CodeSpace\hmall-micro\cart-service\target\classes started by lenovo in D:\CodeSpace\hmall-micro)
15:33:45:797 DEBUG 2396 --- [main] com.hmall.cart.CartApplication           : Running with Spring Boot v2.7.12, Spring v5.3.27
15:33:45:797  INFO 2396 --- [main] com.hmall.cart.CartApplication           : The following 1 profile is active: "dev"
15:33:46:491  INFO 2396 --- [main] .s.d.r.c.RepositoryConfigurationDelegate : Multiple Spring Data modules found, entering strict repository configuration mode
15:33:46:492  INFO 2396 --- [main] .s.d.r.c.RepositoryConfigurationDelegate : Bootstrapping Spring Data Redis repositories in DEFAULT mode.
15:33:46:511  INFO 2396 --- [main] .s.d.r.c.RepositoryConfigurationDelegate : Finished Spring Data repository scanning in 7 ms. Found 0 Redis repository interfaces.
15:33:46:987  INFO 2396 --- [main] o.s.b.w.embedded.tomcat.TomcatWebServer  : Tomcat initialized with port(s): 8082 (http)
15:33:46:996  INFO 2396 --- [main] o.apache.catalina.core.StandardService   : Starting service [Tomcat]
15:33:46:996  INFO 2396 --- [main] org.apache.catalina.core.StandardEngine  : Starting Servlet engine: [Apache Tomcat/9.0.75]
15:33:47:134  INFO 2396 --- [main] o.a.c.c.C.[Tomcat].[localhost].[/]       : Initializing Spring embedded WebApplicationContext
15:33:47:134  INFO 2396 --- [main] w.s.c.ServletWebServerApplicationContext : Root WebApplicationContext: initialization completed in 1298 ms
15:33:48:993  INFO 2396 --- [main] pertySourcedRequestMappingHandlerMapping : Mapped URL path [/v2/api-docs] onto method [springfox.documentation.swagger2.web.Swagger2ControllerWebMvc#getDocumentation(String, HttpServletRequest)]
15:33:49:356  INFO 2396 --- [main] o.s.b.w.embedded.tomcat.TomcatWebServer  : Tomcat started on port(s): 8082 (http) with context path ''
15:33:49:357  INFO 2396 --- [main] d.s.w.p.DocumentationPluginsBootstrapper : Documentation plugins bootstrapped
15:33:49:360  INFO 2396 --- [main] d.s.w.p.DocumentationPluginsBootstrapper : Found 1 custom documentation plugin(s)
15:33:49:391  INFO 2396 --- [main] s.d.s.w.s.ApiListingReferenceScanner     : Scanning for api listing references
15:33:49:496  INFO 2396 --- [main] com.hmall.cart.CartApplication           : Started CartApplication in 4.052 seconds (JVM running for 5.383)
15:33:53:220  INFO 2396 --- [http-nio-8082-exec-1] o.a.c.c.C.[Tomcat].[localhost].[/]       : Initializing Spring DispatcherServlet 'dispatcherServlet'
15:33:53:222  INFO 2396 --- [http-nio-8082-exec-1] o.s.web.servlet.DispatcherServlet        : Initializing Servlet 'dispatcherServlet'
15:33:53:223  INFO 2396 --- [http-nio-8082-exec-1] o.s.web.servlet.DispatcherServlet        : Completed initialization in 1 ms
15:33:53:296  INFO 2396 --- [http-nio-8082-exec-1] com.zaxxer.hikari.HikariDataSource       : HikariPool-1 - Starting...
15:33:53:534  INFO 2396 --- [http-nio-8082-exec-1] com.zaxxer.hikari.HikariDataSource       : HikariPool-1 - Start completed.
15:33:53:540 DEBUG 2396 --- [http-nio-8082-exec-1] c.h.cart.mapper.CartMapper.selectList    : ==>  Preparing: SELECT id,user_id,item_id,num,name,spec,price,image,create_time,update_time FROM cart WHERE (user_id = ?)
15:33:53:556 DEBUG 2396 --- [http-nio-8082-exec-1] c.h.cart.mapper.CartMapper.selectList    : ==> Parameters: 1(Long)
15:33:53:620 DEBUG 2396 --- [http-nio-8082-exec-1] c.h.cart.mapper.CartMapper.selectList    : <==      Total: 1
15:34:40:249  WARN 2396 --- [HikariPool-1 housekeeper] com.zaxxer.hikari.pool.HikariPool        : HikariPool-1 - Thread starvation or clock leap detected (housekeeper delta=46s599ms758µs100ns).
15:37:29:352  INFO 2396 --- [SpringApplicationShutdownHook] com.zaxxer.hikari.HikariDataSource       : HikariPool-1 - Shutdown initiated...
15:37:29:370  INFO 2396 --- [SpringApplicationShutdownHook] com.zaxxer.hikari.HikariDataSource       : HikariPool-1 - Shutdown completed.
15:37:33:405  INFO 60056 --- [main] com.hmall.cart.CartApplication           : Starting CartApplication using Java 11.0.2 on LAPTOP-FPFPK7D7 with PID 60056 (D:\CodeSpace\hmall-micro\cart-service\target\classes started by lenovo in D:\CodeSpace\hmall-micro)
15:37:33:406 DEBUG 60056 --- [main] com.hmall.cart.CartApplication           : Running with Spring Boot v2.7.12, Spring v5.3.27
15:37:33:406  INFO 60056 --- [main] com.hmall.cart.CartApplication           : The following 1 profile is active: "dev"
15:37:34:176  INFO 60056 --- [main] .s.d.r.c.RepositoryConfigurationDelegate : Multiple Spring Data modules found, entering strict repository configuration mode
15:37:34:180  INFO 60056 --- [main] .s.d.r.c.RepositoryConfigurationDelegate : Bootstrapping Spring Data Redis repositories in DEFAULT mode.
15:37:34:202  INFO 60056 --- [main] .s.d.r.c.RepositoryConfigurationDelegate : Finished Spring Data repository scanning in 8 ms. Found 0 Redis repository interfaces.
15:37:34:707  INFO 60056 --- [main] o.s.b.w.embedded.tomcat.TomcatWebServer  : Tomcat initialized with port(s): 8082 (http)
15:37:34:715  INFO 60056 --- [main] o.apache.catalina.core.StandardService   : Starting service [Tomcat]
15:37:34:716  INFO 60056 --- [main] org.apache.catalina.core.StandardEngine  : Starting Servlet engine: [Apache Tomcat/9.0.75]
15:37:34:872  INFO 60056 --- [main] o.a.c.c.C.[Tomcat].[localhost].[/]       : Initializing Spring embedded WebApplicationContext
15:37:34:873  INFO 60056 --- [main] w.s.c.ServletWebServerApplicationContext : Root WebApplicationContext: initialization completed in 1420 ms
15:37:36:950  INFO 60056 --- [main] pertySourcedRequestMappingHandlerMapping : Mapped URL path [/v2/api-docs] onto method [springfox.documentation.swagger2.web.Swagger2ControllerWebMvc#getDocumentation(String, HttpServletRequest)]
15:37:37:263  INFO 60056 --- [main] o.s.b.w.embedded.tomcat.TomcatWebServer  : Tomcat started on port(s): 8082 (http) with context path ''
15:37:37:264  INFO 60056 --- [main] d.s.w.p.DocumentationPluginsBootstrapper : Documentation plugins bootstrapped
15:37:37:267  INFO 60056 --- [main] d.s.w.p.DocumentationPluginsBootstrapper : Found 1 custom documentation plugin(s)
15:37:37:289  INFO 60056 --- [main] s.d.s.w.s.ApiListingReferenceScanner     : Scanning for api listing references
15:37:37:382  INFO 60056 --- [main] com.hmall.cart.CartApplication           : Started CartApplication in 4.46 seconds (JVM running for 5.885)
15:40:37:821  INFO 27368 --- [main] com.hmall.cart.CartApplication           : Starting CartApplication using Java 11.0.2 on LAPTOP-FPFPK7D7 with PID 27368 (D:\CodeSpace\hmall-micro\cart-service\target\classes started by lenovo in D:\CodeSpace\hmall-micro)
15:40:37:822 DEBUG 27368 --- [main] com.hmall.cart.CartApplication           : Running with Spring Boot v2.7.12, Spring v5.3.27
15:40:37:822  INFO 27368 --- [main] com.hmall.cart.CartApplication           : The following 1 profile is active: "dev"
15:40:38:411  INFO 27368 --- [main] .s.d.r.c.RepositoryConfigurationDelegate : Multiple Spring Data modules found, entering strict repository configuration mode
15:40:38:412  INFO 27368 --- [main] .s.d.r.c.RepositoryConfigurationDelegate : Bootstrapping Spring Data Redis repositories in DEFAULT mode.
15:40:38:429  INFO 27368 --- [main] .s.d.r.c.RepositoryConfigurationDelegate : Finished Spring Data repository scanning in 6 ms. Found 0 Redis repository interfaces.
15:40:38:843  INFO 27368 --- [main] o.s.b.w.embedded.tomcat.TomcatWebServer  : Tomcat initialized with port(s): 8082 (http)
15:40:38:852  INFO 27368 --- [main] o.apache.catalina.core.StandardService   : Starting service [Tomcat]
15:40:38:852  INFO 27368 --- [main] org.apache.catalina.core.StandardEngine  : Starting Servlet engine: [Apache Tomcat/9.0.75]
15:40:38:962  INFO 27368 --- [main] o.a.c.c.C.[Tomcat].[localhost].[/]       : Initializing Spring embedded WebApplicationContext
15:40:38:962  INFO 27368 --- [main] w.s.c.ServletWebServerApplicationContext : Root WebApplicationContext: initialization completed in 1101 ms
15:40:40:644  INFO 27368 --- [main] pertySourcedRequestMappingHandlerMapping : Mapped URL path [/v2/api-docs] onto method [springfox.documentation.swagger2.web.Swagger2ControllerWebMvc#getDocumentation(String, HttpServletRequest)]
15:40:40:942  INFO 27368 --- [main] o.s.b.w.embedded.tomcat.TomcatWebServer  : Tomcat started on port(s): 8082 (http) with context path ''
15:40:40:943  INFO 27368 --- [main] d.s.w.p.DocumentationPluginsBootstrapper : Documentation plugins bootstrapped
15:40:40:945  INFO 27368 --- [main] d.s.w.p.DocumentationPluginsBootstrapper : Found 1 custom documentation plugin(s)
15:40:40:966  INFO 27368 --- [main] s.d.s.w.s.ApiListingReferenceScanner     : Scanning for api listing references
15:40:41:054  INFO 27368 --- [main] com.hmall.cart.CartApplication           : Started CartApplication in 3.569 seconds (JVM running for 4.819)
15:41:01:401  INFO 27368 --- [http-nio-8082-exec-1] o.a.c.c.C.[Tomcat].[localhost].[/]       : Initializing Spring DispatcherServlet 'dispatcherServlet'
15:41:01:402  INFO 27368 --- [http-nio-8082-exec-1] o.s.web.servlet.DispatcherServlet        : Initializing Servlet 'dispatcherServlet'
15:41:01:404  INFO 27368 --- [http-nio-8082-exec-1] o.s.web.servlet.DispatcherServlet        : Completed initialization in 2 ms
15:41:01:485  INFO 27368 --- [http-nio-8082-exec-1] com.zaxxer.hikari.HikariDataSource       : HikariPool-1 - Starting...
15:41:01:767  INFO 27368 --- [http-nio-8082-exec-1] com.zaxxer.hikari.HikariDataSource       : HikariPool-1 - Start completed.
15:41:01:772 DEBUG 27368 --- [http-nio-8082-exec-1] c.h.cart.mapper.CartMapper.selectList    : ==>  Preparing: SELECT id,user_id,item_id,num,name,spec,price,image,create_time,update_time FROM cart WHERE (user_id = ?)
15:41:01:785 DEBUG 27368 --- [http-nio-8082-exec-1] c.h.cart.mapper.CartMapper.selectList    : ==> Parameters: 1(Long)
15:41:01:805 DEBUG 27368 --- [http-nio-8082-exec-1] c.h.cart.mapper.CartMapper.selectList    : <==      Total: 1
